<?xml version="1.0" encoding="UTF-8"?>
<!-- Generated by org.testng.reporters.JUnitXMLReporter -->
<testsuite ignored="0" hostname="Syeds" failures="0" tests="3" name="Default test" time="0.073" errors="0" timestamp="2022-03-23T17:58:50 IST">
  <testcase classname="TestNG.DataProviderTest" name="getData" time="0.009"/>
  <testcase classname="TestNG.DataProviderTest" name="getData" time="0.002"/>
  <testcase classname="TestNG.DataProviderTest" name="getData" time="0.001"/>
</testsuite> <!-- Default test -->
