<?xml version="1.0" encoding="UTF-8"?>
<!-- Generated by org.testng.reporters.JUnitXMLReporter -->
<testsuite ignored="2" hostname="Syeds" failures="0" tests="1" name="TestRunner1" time="39.391" errors="0" timestamp="2021-11-15T16:59:56 IST">
  <testcase classname="TestNG.OrganisationModuleTest" name="createOrganisation" time="13.442"/>
  <testcase classname="TestNG.OrganisationModuleTest" name="OrgWithIndustry" time="0.0">
    <ignored/>
  </testcase> <!-- OrgWithIndustry -->
  <testcase classname="TestNG.OrganisationModuleTest" name="createContact" time="0.0">
    <ignored/>
  </testcase> <!-- createContact -->
</testsuite> <!-- TestRunner1 -->
