<?xml version="1.0" encoding="UTF-8"?>
<!-- Generated by org.testng.reporters.JUnitXMLReporter -->
<testsuite ignored="2" hostname="Syeds" failures="0" tests="1" name="TestRunner2" time="42.008" errors="0" timestamp="2021-11-15T16:59:59 IST">
  <testcase classname="TestNG.OrganisationModuleTest" name="OrgWithIndustry" time="16.963"/>
  <testcase classname="TestNG.OrganisationModuleTest" name="createOrganisation" time="0.0">
    <ignored/>
  </testcase> <!-- createOrganisation -->
  <testcase classname="TestNG.OrganisationModuleTest" name="createContact" time="0.0">
    <ignored/>
  </testcase> <!-- createContact -->
</testsuite> <!-- TestRunner2 -->
