<?xml version="1.0" encoding="UTF-8"?>
<!-- Generated by org.testng.reporters.JUnitXMLReporter -->
<testsuite ignored="2" hostname="Syeds" failures="0" tests="4" name="Test" time="0.072" errors="0" timestamp="2022-03-11T13:14:43 IST">
  <testcase classname="practiceTestng.Class3" name="class03" time="0.01"/>
  <testcase classname="practiceTestng.Class2" name="class02" time="0.002"/>
  <testcase classname="practiceTestng.Class2" name="class2" time="0.002"/>
  <testcase classname="practiceTestng.Class1Test" name="class01Test" time="0.002"/>
  <testcase classname="practiceTestng.Class3" name="class3" time="0.0">
    <ignored/>
  </testcase> <!-- class3 -->
  <testcase classname="practiceTestng.Class1Test" name="class1Test" time="0.0">
    <ignored/>
  </testcase> <!-- class1Test -->
</testsuite> <!-- Test -->
