<?xml version="1.0" encoding="UTF-8"?>
<!-- Generated by org.testng.reporters.JUnitXMLReporter -->
<testsuite ignored="2" hostname="Syeds" failures="0" tests="2" name="Test" time="55.8" errors="0" timestamp="2021-11-15T17:07:08 IST">
  <testcase classname="TestNG.createContactTest" name="CreateContact" time="10.347"/>
  <testcase classname="TestNG.CreateOrgnisationTest" name="createOrganisationTest" time="9.338"/>
  <testcase classname="vtigerUtilPack.BaseClass" name="@BeforeSuite connectDB" time="0.0">
    <ignored/>
  </testcase> <!-- @BeforeSuite connectDB -->
  <testcase classname="vtigerUtilPack.BaseClass" name="@AfterSuite disconnectDB" time="0.0">
    <ignored/>
  </testcase> <!-- @AfterSuite disconnectDB -->
</testsuite> <!-- Test -->
