<?xml version="1.0" encoding="UTF-8"?>
<testng-results ignored="0" total="1" passed="1" failed="0" skipped="0">
  <reporter-output>
  </reporter-output>
  <suite started-at="2022-01-03T16:00:32 IST" name="Default suite" finished-at="2022-01-03T16:00:32 IST" duration-ms="62">
    <groups>
    </groups>
    <test started-at="2022-01-03T16:00:32 IST" name="Default test" finished-at="2022-01-03T16:00:32 IST" duration-ms="62">
      <class name="akhilPack.AlphaNumeric_NumAddition">
        <test-method signature="alphaNumericAddition()[pri:0, instance:akhilPack.AlphaNumeric_NumAddition@44821a96]" started-at="2022-01-03T16:00:32 IST" name="alphaNumericAddition" finished-at="2022-01-03T16:00:32 IST" duration-ms="12" status="PASS">
          <reporter-output>
          </reporter-output>
        </test-method> <!-- alphaNumericAddition -->
      </class> <!-- akhilPack.AlphaNumeric_NumAddition -->
    </test> <!-- Default test -->
  </suite> <!-- Default suite -->
</testng-results>
